<?xml version="1.0" encoding="UTF-8"?>
<!-- Generated by org.testng.reporters.JUnitReportReporter -->
<testsuite hostname="NVUPKOOR-58LUQ" name="Example.NewTest" tests="1" failures="0" timestamp="15 Aug 2016 02:08:53 GMT" time="16.831" errors="0">
  <testcase name="testEasy" time="16.831" classname="Example.NewTest"/>
</testsuite> <!-- Example.NewTest -->
