<?xml version="1.0" encoding="UTF-8"?>
<!-- Generated by org.testng.reporters.JUnitReportReporter -->
<testsuite hostname="NVUPKOOR-58LUQ" name="Example.Test2" tests="1" failures="0" timestamp="15 Aug 2016 02:08:53 GMT" time="0.035" errors="0">
  <testcase name="f" time="0.035" classname="Example.Test2"/>
</testsuite> <!-- Example.Test2 -->
