<?xml version="1.0" encoding="UTF-8"?>
<!-- Generated by org.testng.reporters.JUnitReportReporter -->
<testsuite hostname="NVUPKOOR-58LUQ" name="Example.NewTest" tests="1" failures="0" timestamp="16 Aug 2016 01:46:03 GMT" time="15.333" errors="0">
  <testcase name="testEasy" time="15.333" classname="Example.NewTest"/>
</testsuite> <!-- Example.NewTest -->
